2015/06/02 21:00:46 にビルドを開始しました。
     1>ノード 2 上のプロジェクト "C:\Users\c0112548d8\Documents\GitHub\sudoku\pcSudoku\pcSudoku.vcxproj" (build ターゲット)。
     1>InitializeBuildStatus:
         "Debug\pcSudoku.unsuccessfulbuild" のタッチ タスクを実行しています。
       ClCompile:
         C:\Program Files (x86)\Microsoft Visual Studio 10.0\VC\bin\CL.exe /c /IC:\Users\c0112548d8\Documents\GitHub\sudoku\include /ZI /nologo /W3 /WX- /Od /Oy- /D WIN32 /D _DEBUG /D _WINDOWS /D _MBCS /Gm /EHsc /RTC1 /MTd /GS /fp:precise /Zc:wchar_t /Zc:forScope /Fo"Debug\\" /Fd"Debug\vc100.pdb" /Gd /TP /analyze- /errorReport:prompt test.cpp
         test.cpp
       ManifestResourceCompile:
         すべての出力が最新のものです。
       Link:
         C:\Program Files (x86)\Microsoft Visual Studio 10.0\VC\bin\link.exe /ERRORREPORT:PROMPT /OUT:"C:\Users\c0112548d8\Documents\GitHub\sudoku\pcSudoku\Debug\pcSudoku.exe" /INCREMENTAL /NOLOGO /LIBPATH:C:\Users\c0112548d8\Documents\GitHub\sudoku\include kernel32.lib user32.lib gdi32.lib winspool.lib comdlg32.lib advapi32.lib shell32.lib ole32.lib oleaut32.lib uuid.lib odbc32.lib odbccp32.lib /MANIFEST /ManifestFile:"Debug\pcSudoku.exe.intermediate.manifest" /MANIFESTUAC:"level='asInvoker' uiAccess='false'" /DEBUG /PDB:"C:\Users\c0112548d8\Documents\GitHub\sudoku\pcSudoku\Debug\pcSudoku.pdb" /SUBSYSTEM:WINDOWS /TLBID:1 /DYNAMICBASE /NXCOMPAT /IMPLIB:"C:\Users\c0112548d8\Documents\GitHub\sudoku\pcSudoku\Debug\pcSudoku.lib" /MACHINE:X86 Debug\pcSudoku.exe.embed.manifest.res
         Debug\test.obj
       Manifest:
         C:\Program Files (x86)\Microsoft SDKs\Windows\v7.0A\bin\mt.exe /nologo /verbose /out:"Debug\pcSudoku.exe.embed.manifest" /manifest Debug\pcSudoku.exe.intermediate.manifest
         C:\Program Files (x86)\Microsoft SDKs\Windows\v7.0A\bin\rc.exe /nologo /fo"Debug\pcSudoku.exe.embed.manifest.res" Debug\pcSudoku_manifest.rc 
       LinkEmbedManifest:
         C:\Program Files (x86)\Microsoft Visual Studio 10.0\VC\bin\link.exe /ERRORREPORT:PROMPT /OUT:"C:\Users\c0112548d8\Documents\GitHub\sudoku\pcSudoku\Debug\pcSudoku.exe" /INCREMENTAL /NOLOGO /LIBPATH:C:\Users\c0112548d8\Documents\GitHub\sudoku\include kernel32.lib user32.lib gdi32.lib winspool.lib comdlg32.lib advapi32.lib shell32.lib ole32.lib oleaut32.lib uuid.lib odbc32.lib odbccp32.lib /MANIFEST /ManifestFile:"Debug\pcSudoku.exe.intermediate.manifest" /MANIFESTUAC:"level='asInvoker' uiAccess='false'" /DEBUG /PDB:"C:\Users\c0112548d8\Documents\GitHub\sudoku\pcSudoku\Debug\pcSudoku.pdb" /SUBSYSTEM:WINDOWS /TLBID:1 /DYNAMICBASE /NXCOMPAT /IMPLIB:"C:\Users\c0112548d8\Documents\GitHub\sudoku\pcSudoku\Debug\pcSudoku.lib" /MACHINE:X86 Debug\pcSudoku.exe.embed.manifest.res
         Debug\test.obj
         pcSudoku.vcxproj -> C:\Users\c0112548d8\Documents\GitHub\sudoku\pcSudoku\Debug\pcSudoku.exe
       FinalizeBuildStatus:
         ファイル "Debug\pcSudoku.unsuccessfulbuild" を削除しています。
         "Debug\pcSudoku.lastbuildstate" のタッチ タスクを実行しています。
     1>プロジェクト "C:\Users\c0112548d8\Documents\GitHub\sudoku\pcSudoku\pcSudoku.vcxproj" (build ターゲット) のビルドが完了しました。

ビルドに成功しました。

経過時間 00:00:04.94
